<?xml version="1.0" encoding="UTF-8"?>
<testsuite xmlns:xsi="http://www.w3.org/2001/XMLSchema-instance" xsi:noNamespaceSchemaLocation="https://maven.apache.org/surefire/maven-surefire-plugin/xsd/surefire-test-report.xsd" name="oy.tol.tra.PerformanceTests" time="0.004" tests="2" errors="0" skipped="0" failures="2">
  <properties>
[...]
</properties>
  <testcase name="handleReadTestFilesWithHashTable" classname="oy.tol.tra.PerformanceTests" time="0.001">
    <failure message="Could not write test output file: Index -1 out of bounds for length 20" type="org.opentest4j.AssertionFailedError">org.opentest4j.AssertionFailedError: Could not write test output file: Index -1 out of bounds for length 20
	at oy.tol.tra.PerformanceTests.handleReadTestFilesWithHashTable(PerformanceTests.java:122)
</failure>
    <system-out><![CDATA[==> Starting to analyse Hashtable phonebook village.txt
]]></system-out>
  </testcase>
  <testcase name="handleReadTestFilesWithBST" classname="oy.tol.tra.PerformanceTests" time="0">
    <failure message="expected: &lt;100&gt; but was: &lt;0&gt;" type="org.opentest4j.AssertionFailedError"><![CDATA[org.opentest4j.AssertionFailedError: expected: <100> but was: <0>
	at oy.tol.tra.PerformanceTests.handleReadTestFilesWithBST(PerformanceTests.java:61)
]]></failure>
    <system-out><![CDATA[==> Starting to analyse BST phonebook village.txt
]]></system-out>
  </testcase>
</testsuite>