<?xml version="1.0" encoding="UTF-8"?>
<testsuite xmlns:xsi="http://www.w3.org/2001/XMLSchema-instance" xsi:noNamespaceSchemaLocation="https://maven.apache.org/surefire/maven-surefire-plugin/xsd/surefire-test-report.xsd" name="oy.tol.tra.ListTests" time="0.072" tests="6" errors="0" skipped="0" failures="0">
  <properties>
[...]
</properties>
  <testcase name="emptylistTest" classname="oy.tol.tra.ListTests" time="0.027"/>
  <testcase name="testIfAddRemoveThenAccessInvalidIndexThrowsCorrectException" classname="oy.tol.tra.ListTests" time="0.002"/>
  <testcase name="resetlistTest" classname="oy.tol.tra.ListTests" time="0.002"/>
  <testcase name="addAndGetTest" classname="oy.tol.tra.ListTests" time="0.009"/>
  <testcase name="removeFromMiddleTest" classname="oy.tol.tra.ListTests" time="0.003"/>
  <testcase name="getAndRemoveFromlistTest" classname="oy.tol.tra.ListTests" time="0.003"/>
</testsuite>