<?xml version="1.0" encoding="UTF-8"?>
<testsuite xmlns:xsi="http://www.w3.org/2001/XMLSchema-instance" xsi:noNamespaceSchemaLocation="https://maven.apache.org/surefire/maven-surefire-plugin/xsd/surefire-test-report.xsd" name="oy.tol.tra.QueueTests" time="0.096" tests="9" errors="0" skipped="0" failures="0">
  <properties>
[...]
</properties>
  <testcase name="emptyQueueTest" classname="oy.tol.tra.QueueTests" time="0.022"/>
  <testcase name="basicQueueTests" classname="oy.tol.tra.QueueTests" time="0.01"/>
  <testcase name="addRemoveQueueTest" classname="oy.tol.tra.QueueTests" time="0"/>
  <testcase name="overFillQueueTest" classname="oy.tol.tra.QueueTests" time="0"/>
  <testcase name="resetQueueTest" classname="oy.tol.tra.QueueTests" time="0"/>
  <testcase name="removeTest" classname="oy.tol.tra.QueueTests" time="0.01"/>
  <testcase name="printTest" classname="oy.tol.tra.QueueTests" time="0.01"/>
  <testcase name="reallyGrowTheQueue" classname="oy.tol.tra.QueueTests" time="0.01"/>
  <testcase name="testStringQueueWithRealloc" classname="oy.tol.tra.QueueTests" time="0.002"/>
</testsuite>